[27-Apr-2020 10:22:10 UTC] PHP Notice:  register_sidebar was called <strong>incorrectly</strong>. No <code>id</code> was set in the arguments array for the "Sidebar 1" sidebar. Defaulting to "sidebar-1". Manually set the <code>id</code> to "sidebar-1" to silence this notice and keep existing sidebar content. Please see <a href="https://wordpress.org/support/article/debugging-in-wordpress/">Debugging in WordPress</a> for more information. (This message was added in version 4.2.0.) in D:\Programs\OSPanel\domains\localhost\wp-59096\wp-includes\functions.php on line 5167
[27-Apr-2020 10:22:11 UTC] PHP Warning:  Cannot modify header information - headers already sent by (output started at D:\Programs\OSPanel\domains\localhost\wp-59096\wp-includes\functions.php:5167) in D:\Programs\OSPanel\domains\localhost\wp-59096\wp-includes\functions.php on line 6221
[27-Apr-2020 10:22:11 UTC] PHP Warning:  Cannot modify header information - headers already sent by (output started at D:\Programs\OSPanel\domains\localhost\wp-59096\wp-includes\functions.php:5167) in D:\Programs\OSPanel\domains\localhost\wp-59096\wp-admin\includes\misc.php on line 1259
[27-Apr-2020 10:22:11 UTC] PHP Warning:  Cannot modify header information - headers already sent by (output started at D:\Programs\OSPanel\domains\localhost\wp-59096\wp-includes\functions.php:5167) in D:\Programs\OSPanel\domains\localhost\wp-59096\wp-admin\admin-header.php on line 9
[27-Apr-2020 10:22:11 UTC] PHP Warning:  Cannot modify header information - headers already sent by (output started at D:\Programs\OSPanel\domains\localhost\wp-59096\wp-includes\functions.php:5167) in D:\Programs\OSPanel\domains\localhost\wp-59096\wp-includes\option.php on line 961
[27-Apr-2020 10:22:11 UTC] PHP Warning:  Cannot modify header information - headers already sent by (output started at D:\Programs\OSPanel\domains\localhost\wp-59096\wp-includes\functions.php:5167) in D:\Programs\OSPanel\domains\localhost\wp-59096\wp-includes\option.php on line 962
[27-Apr-2020 10:27:55 UTC] PHP Warning:  Declaration of Jet_Plugins_Wizard_Plugin_Upgrader_Skin::feedback($string) should be compatible with WP_Upgrader_Skin::feedback($string, ...$args) in D:\Programs\OSPanel\domains\localhost\wp-59096\wp-content\plugins\jet-plugins-wizard\includes\class-jet-plugins-wizard-plugin-upgrader-skin.php on line 144
[27-Apr-2020 10:28:03 UTC] PHP Warning:  Declaration of Jet_Plugins_Wizard_Plugin_Upgrader_Skin::feedback($string) should be compatible with WP_Upgrader_Skin::feedback($string, ...$args) in D:\Programs\OSPanel\domains\localhost\wp-59096\wp-content\plugins\jet-plugins-wizard\includes\class-jet-plugins-wizard-plugin-upgrader-skin.php on line 144
[27-Apr-2020 10:28:04 UTC] PHP Notice:  Undefined index: source in D:\Programs\OSPanel\domains\localhost\wp-59096\wp-content\plugins\jet-plugins-wizard\includes\class-jet-plugins-wizard-installer.php on line 371
[27-Apr-2020 10:28:14 UTC] PHP Warning:  Declaration of Jet_Plugins_Wizard_Plugin_Upgrader_Skin::feedback($string) should be compatible with WP_Upgrader_Skin::feedback($string, ...$args) in D:\Programs\OSPanel\domains\localhost\wp-59096\wp-content\plugins\jet-plugins-wizard\includes\class-jet-plugins-wizard-plugin-upgrader-skin.php on line 144
[27-Apr-2020 10:28:20 UTC] PHP Warning:  Declaration of Jet_Plugins_Wizard_Plugin_Upgrader_Skin::feedback($string) should be compatible with WP_Upgrader_Skin::feedback($string, ...$args) in D:\Programs\OSPanel\domains\localhost\wp-59096\wp-content\plugins\jet-plugins-wizard\includes\class-jet-plugins-wizard-plugin-upgrader-skin.php on line 144
[27-Apr-2020 10:28:24 UTC] PHP Warning:  Declaration of Jet_Plugins_Wizard_Plugin_Upgrader_Skin::feedback($string) should be compatible with WP_Upgrader_Skin::feedback($string, ...$args) in D:\Programs\OSPanel\domains\localhost\wp-59096\wp-content\plugins\jet-plugins-wizard\includes\class-jet-plugins-wizard-plugin-upgrader-skin.php on line 144
[27-Apr-2020 10:28:27 UTC] PHP Warning:  Declaration of Jet_Plugins_Wizard_Plugin_Upgrader_Skin::feedback($string) should be compatible with WP_Upgrader_Skin::feedback($string, ...$args) in D:\Programs\OSPanel\domains\localhost\wp-59096\wp-content\plugins\jet-plugins-wizard\includes\class-jet-plugins-wizard-plugin-upgrader-skin.php on line 144
[27-Apr-2020 10:28:31 UTC] PHP Warning:  Declaration of Jet_Plugins_Wizard_Plugin_Upgrader_Skin::feedback($string) should be compatible with WP_Upgrader_Skin::feedback($string, ...$args) in D:\Programs\OSPanel\domains\localhost\wp-59096\wp-content\plugins\jet-plugins-wizard\includes\class-jet-plugins-wizard-plugin-upgrader-skin.php on line 144
[27-Apr-2020 10:28:36 UTC] PHP Warning:  Declaration of Jet_Plugins_Wizard_Plugin_Upgrader_Skin::feedback($string) should be compatible with WP_Upgrader_Skin::feedback($string, ...$args) in D:\Programs\OSPanel\domains\localhost\wp-59096\wp-content\plugins\jet-plugins-wizard\includes\class-jet-plugins-wizard-plugin-upgrader-skin.php on line 144
[27-Apr-2020 10:28:37 UTC] PHP Notice:  Undefined index: source in D:\Programs\OSPanel\domains\localhost\wp-59096\wp-content\plugins\jet-plugins-wizard\includes\class-jet-plugins-wizard-installer.php on line 371
[27-Apr-2020 10:28:43 UTC] PHP Warning:  Declaration of Jet_Plugins_Wizard_Plugin_Upgrader_Skin::feedback($string) should be compatible with WP_Upgrader_Skin::feedback($string, ...$args) in D:\Programs\OSPanel\domains\localhost\wp-59096\wp-content\plugins\jet-plugins-wizard\includes\class-jet-plugins-wizard-plugin-upgrader-skin.php on line 144
[27-Apr-2020 10:29:31 UTC] PHP Warning:  Declaration of Jet_Plugins_Wizard_Plugin_Upgrader_Skin::feedback($string) should be compatible with WP_Upgrader_Skin::feedback($string, ...$args) in D:\Programs\OSPanel\domains\localhost\wp-59096\wp-content\plugins\jet-plugins-wizard\includes\class-jet-plugins-wizard-plugin-upgrader-skin.php on line 144
[27-Apr-2020 10:29:37 UTC] PHP Warning:  Declaration of Jet_Plugins_Wizard_Plugin_Upgrader_Skin::feedback($string) should be compatible with WP_Upgrader_Skin::feedback($string, ...$args) in D:\Programs\OSPanel\domains\localhost\wp-59096\wp-content\plugins\jet-plugins-wizard\includes\class-jet-plugins-wizard-plugin-upgrader-skin.php on line 144
[27-Apr-2020 10:29:38 UTC] PHP Notice:  Undefined index: source in D:\Programs\OSPanel\domains\localhost\wp-59096\wp-content\plugins\jet-plugins-wizard\includes\class-jet-plugins-wizard-installer.php on line 371
[27-Apr-2020 10:29:48 UTC] PHP Warning:  Declaration of Jet_Plugins_Wizard_Plugin_Upgrader_Skin::feedback($string) should be compatible with WP_Upgrader_Skin::feedback($string, ...$args) in D:\Programs\OSPanel\domains\localhost\wp-59096\wp-content\plugins\jet-plugins-wizard\includes\class-jet-plugins-wizard-plugin-upgrader-skin.php on line 144
[27-Apr-2020 10:29:54 UTC] PHP Warning:  Declaration of Jet_Plugins_Wizard_Plugin_Upgrader_Skin::feedback($string) should be compatible with WP_Upgrader_Skin::feedback($string, ...$args) in D:\Programs\OSPanel\domains\localhost\wp-59096\wp-content\plugins\jet-plugins-wizard\includes\class-jet-plugins-wizard-plugin-upgrader-skin.php on line 144
[27-Apr-2020 10:29:58 UTC] PHP Warning:  Declaration of Jet_Plugins_Wizard_Plugin_Upgrader_Skin::feedback($string) should be compatible with WP_Upgrader_Skin::feedback($string, ...$args) in D:\Programs\OSPanel\domains\localhost\wp-59096\wp-content\plugins\jet-plugins-wizard\includes\class-jet-plugins-wizard-plugin-upgrader-skin.php on line 144
[27-Apr-2020 10:30:02 UTC] PHP Warning:  Declaration of Jet_Plugins_Wizard_Plugin_Upgrader_Skin::feedback($string) should be compatible with WP_Upgrader_Skin::feedback($string, ...$args) in D:\Programs\OSPanel\domains\localhost\wp-59096\wp-content\plugins\jet-plugins-wizard\includes\class-jet-plugins-wizard-plugin-upgrader-skin.php on line 144
[27-Apr-2020 10:30:06 UTC] PHP Warning:  Declaration of Jet_Plugins_Wizard_Plugin_Upgrader_Skin::feedback($string) should be compatible with WP_Upgrader_Skin::feedback($string, ...$args) in D:\Programs\OSPanel\domains\localhost\wp-59096\wp-content\plugins\jet-plugins-wizard\includes\class-jet-plugins-wizard-plugin-upgrader-skin.php on line 144
[27-Apr-2020 10:30:10 UTC] PHP Warning:  Declaration of Jet_Plugins_Wizard_Plugin_Upgrader_Skin::feedback($string) should be compatible with WP_Upgrader_Skin::feedback($string, ...$args) in D:\Programs\OSPanel\domains\localhost\wp-59096\wp-content\plugins\jet-plugins-wizard\includes\class-jet-plugins-wizard-plugin-upgrader-skin.php on line 144
[27-Apr-2020 10:30:15 UTC] PHP Warning:  Declaration of Jet_Plugins_Wizard_Plugin_Upgrader_Skin::feedback($string) should be compatible with WP_Upgrader_Skin::feedback($string, ...$args) in D:\Programs\OSPanel\domains\localhost\wp-59096\wp-content\plugins\jet-plugins-wizard\includes\class-jet-plugins-wizard-plugin-upgrader-skin.php on line 144
[27-Apr-2020 10:30:16 UTC] PHP Notice:  Undefined index: source in D:\Programs\OSPanel\domains\localhost\wp-59096\wp-content\plugins\jet-plugins-wizard\includes\class-jet-plugins-wizard-installer.php on line 371
[27-Apr-2020 10:30:23 UTC] PHP Warning:  Declaration of Jet_Plugins_Wizard_Plugin_Upgrader_Skin::feedback($string) should be compatible with WP_Upgrader_Skin::feedback($string, ...$args) in D:\Programs\OSPanel\domains\localhost\wp-59096\wp-content\plugins\jet-plugins-wizard\includes\class-jet-plugins-wizard-plugin-upgrader-skin.php on line 144
[27-Apr-2020 10:30:32 UTC] PHP Warning:  Declaration of Jet_Plugins_Wizard_Plugin_Upgrader_Skin::feedback($string) should be compatible with WP_Upgrader_Skin::feedback($string, ...$args) in D:\Programs\OSPanel\domains\localhost\wp-59096\wp-content\plugins\jet-plugins-wizard\includes\class-jet-plugins-wizard-plugin-upgrader-skin.php on line 144
[27-Apr-2020 10:32:30 UTC] PHP Warning:  Invalid argument supplied for foreach() in D:\Programs\OSPanel\domains\localhost\wp-59096\wp-content\plugins\wp-live-chat-software-for-wordpress\plugin_files\Services\User.class.php on line 124
[27-Apr-2020 12:16:01 UTC] PHP Notice:  Trying to get property of non-object in D:\Programs\OSPanel\domains\localhost\wp-59096\wp-content\plugins\jet-blocks\includes\modules\breadcrumbs\cherry-x-breadcrumbs.php on line 705
[27-Apr-2020 12:16:06 UTC] PHP Notice:  Trying to get property of non-object in D:\Programs\OSPanel\domains\localhost\wp-59096\wp-content\plugins\jet-blocks\includes\modules\breadcrumbs\cherry-x-breadcrumbs.php on line 705
[27-Apr-2020 12:24:41 UTC] PHP Notice:  Trying to get property of non-object in D:\Programs\OSPanel\domains\localhost\wp-59096\wp-content\plugins\jet-blocks\includes\modules\breadcrumbs\cherry-x-breadcrumbs.php on line 705
[27-Apr-2020 12:25:14 UTC] PHP Notice:  Trying to get property of non-object in D:\Programs\OSPanel\domains\localhost\wp-59096\wp-content\plugins\jet-blocks\includes\modules\breadcrumbs\cherry-x-breadcrumbs.php on line 705
[27-Apr-2020 12:25:21 UTC] PHP Notice:  Trying to get property of non-object in D:\Programs\OSPanel\domains\localhost\wp-59096\wp-content\plugins\jet-blocks\includes\modules\breadcrumbs\cherry-x-breadcrumbs.php on line 705
[27-Apr-2020 12:25:40 UTC] PHP Notice:  Trying to get property of non-object in D:\Programs\OSPanel\domains\localhost\wp-59096\wp-content\plugins\jet-blocks\includes\modules\breadcrumbs\cherry-x-breadcrumbs.php on line 705
[27-Apr-2020 12:26:58 UTC] PHP Notice:  Trying to get property of non-object in D:\Programs\OSPanel\domains\localhost\wp-59096\wp-content\plugins\jet-blocks\includes\modules\breadcrumbs\cherry-x-breadcrumbs.php on line 705
[27-Apr-2020 12:27:00 UTC] PHP Notice:  Trying to get property of non-object in D:\Programs\OSPanel\domains\localhost\wp-59096\wp-content\plugins\jet-blocks\includes\modules\breadcrumbs\cherry-x-breadcrumbs.php on line 705
[27-Apr-2020 12:32:56 UTC] PHP Notice:  Trying to get property of non-object in D:\Programs\OSPanel\domains\localhost\wp-59096\wp-content\plugins\jet-blocks\includes\modules\breadcrumbs\cherry-x-breadcrumbs.php on line 705
[27-Apr-2020 12:33:10 UTC] PHP Notice:  Trying to get property of non-object in D:\Programs\OSPanel\domains\localhost\wp-59096\wp-content\plugins\jet-blocks\includes\modules\breadcrumbs\cherry-x-breadcrumbs.php on line 705
